<?xml version="1.0" encoding="UTF-8"?>
<!-- Generated by org.testng.reporters.JUnitXMLReporter -->
<testsuite ignored="0" hostname="DESKTOP-169Q8T6" failures="0" tests="6" name="Test" time="609.004" errors="0" timestamp="2024-03-07T11:40:10 IST">
  <testcase classname="BasicTestNG.ExecutionParallel" name="AjioTest" time="36.903"/>
  <testcase classname="BasicTestNG.ExecutionParallel" name="FaccebookTest" time="34.174"/>
  <testcase classname="BasicTestNG.ExecutionParallel" name="instagramTest" time="40.24"/>
  <testcase classname="BasicTestNG.ExecutionParallel" name="mintraTest" time="129.175"/>
  <testcase classname="BasicTestNG.ExecutionParallelClass" name="AjioTest" time="85.849"/>
  <testcase classname="BasicTestNG.ExecutionParallelClass" name="FaccebookTest" time="282.354"/>
</testsuite> <!-- Test -->
